  main.cpp
C:\Users\doislike\Desktop\computer-graphics 2021-2\CUBE-RUN\CUBE-RUN\main.cpp(10,1): warning C4326: 'main'의 반환 형식이 'int'이어야 하는데 'void'입니다.
  CollisionManager.cpp
C:\Users\doislike\Desktop\computer-graphics 2021-2\CUBE-RUN\CUBE-RUN\MyInclude\CollisionManager.cpp(34,19): warning C4244: '초기화 중': 'double'에서 'float'(으)로 변환하면서 데이터가 손실될 수 있습니다.
C:\Users\doislike\Desktop\computer-graphics 2021-2\CUBE-RUN\CUBE-RUN\MyInclude\CollisionManager.cpp(66,19): warning C4244: '초기화 중': 'double'에서 'float'(으)로 변환하면서 데이터가 손실될 수 있습니다.
  System.cpp
  DepthMap.cpp
  Object.cpp
C:\Users\doislike\Desktop\computer-graphics 2021-2\CUBE-RUN\CUBE-RUN\MyInclude\Object.cpp(173,50): warning C4267: '인수': 'size_t'에서 'GLsizei'(으)로 변환하면서 데이터가 손실될 수 있습니다.
  Box.cpp
  ObjectManager.cpp
  Particle.cpp
C:\Users\doislike\Desktop\computer-graphics 2021-2\CUBE-RUN\CUBE-RUN\MyInclude\Particle.cpp(37,58): warning C4244: '=': 'double'에서 'float'(으)로 변환하면서 데이터가 손실될 수 있습니다.
C:\Users\doislike\Desktop\computer-graphics 2021-2\CUBE-RUN\CUBE-RUN\MyInclude\Particle.cpp(38,51): warning C4244: '=': 'double'에서 'float'(으)로 변환하면서 데이터가 손실될 수 있습니다.
C:\Users\doislike\Desktop\computer-graphics 2021-2\CUBE-RUN\CUBE-RUN\MyInclude\Particle.cpp(42,27): warning C4305: '=': 'double'에서 'float'(으)로 잘립니다.
C:\Users\doislike\Desktop\computer-graphics 2021-2\CUBE-RUN\CUBE-RUN\MyInclude\Particle.cpp(43,27): warning C4305: '=': 'double'에서 'float'(으)로 잘립니다.
C:\Users\doislike\Desktop\computer-graphics 2021-2\CUBE-RUN\CUBE-RUN\MyInclude\Particle.cpp(56,58): warning C4244: '=': 'double'에서 'float'(으)로 변환하면서 데이터가 손실될 수 있습니다.
C:\Users\doislike\Desktop\computer-graphics 2021-2\CUBE-RUN\CUBE-RUN\MyInclude\Particle.cpp(57,51): warning C4244: '=': 'double'에서 'float'(으)로 변환하면서 데이터가 손실될 수 있습니다.
C:\Users\doislike\Desktop\computer-graphics 2021-2\CUBE-RUN\CUBE-RUN\MyInclude\Particle.cpp(61,28): warning C4305: '=': 'double'에서 'float'(으)로 잘립니다.
C:\Users\doislike\Desktop\computer-graphics 2021-2\CUBE-RUN\CUBE-RUN\MyInclude\Particle.cpp(62,28): warning C4305: '=': 'double'에서 'float'(으)로 잘립니다.
  ParticleManager.cpp
  Player.cpp
C:\Users\doislike\Desktop\computer-graphics 2021-2\CUBE-RUN\CUBE-RUN\MyInclude\Player.cpp(170,44): warning C4305: '=': 'double'에서 'T'(으)로 잘립니다.
          with
          [
              T=float
          ]
C:\Users\doislike\Desktop\computer-graphics 2021-2\CUBE-RUN\CUBE-RUN\MyInclude\Player.cpp(171,43): warning C4305: '=': 'double'에서 'T'(으)로 잘립니다.
          with
          [
              T=float
          ]
C:\Users\doislike\Desktop\computer-graphics 2021-2\CUBE-RUN\CUBE-RUN\MyInclude\Player.cpp(174,43): warning C4305: '=': 'double'에서 'T'(으)로 잘립니다.
          with
          [
              T=float
          ]
C:\Users\doislike\Desktop\computer-graphics 2021-2\CUBE-RUN\CUBE-RUN\MyInclude\Player.cpp(175,44): warning C4305: '=': 'double'에서 'T'(으)로 잘립니다.
          with
          [
              T=float
          ]
C:\Users\doislike\Desktop\computer-graphics 2021-2\CUBE-RUN\CUBE-RUN\MyInclude\Player.cpp(178,43): warning C4305: '=': 'double'에서 'T'(으)로 잘립니다.
          with
          [
              T=float
          ]
C:\Users\doislike\Desktop\computer-graphics 2021-2\CUBE-RUN\CUBE-RUN\MyInclude\Player.cpp(179,44): warning C4305: '=': 'double'에서 'T'(으)로 잘립니다.
          with
          [
              T=float
          ]
C:\Users\doislike\Desktop\computer-graphics 2021-2\CUBE-RUN\CUBE-RUN\MyInclude\Player.cpp(182,44): warning C4305: '=': 'double'에서 'T'(으)로 잘립니다.
          with
          [
              T=float
          ]
C:\Users\doislike\Desktop\computer-graphics 2021-2\CUBE-RUN\CUBE-RUN\MyInclude\Player.cpp(183,43): warning C4305: '=': 'double'에서 'T'(으)로 잘립니다.
          with
          [
              T=float
          ]
  Scene.cpp
C:\Users\doislike\Desktop\computer-graphics 2021-2\CUBE-RUN\CUBE-RUN\MyInclude\Scene.cpp(155,58): warning C4244: '인수': 'LONG'에서 'float'(으)로 변환하면서 데이터가 손실될 수 있습니다.
C:\Users\doislike\Desktop\computer-graphics 2021-2\CUBE-RUN\CUBE-RUN\MyInclude\Scene.cpp(155,36): warning C4244: '인수': 'LONG'에서 'float'(으)로 변환하면서 데이터가 손실될 수 있습니다.
  Screen.cpp
C:\Users\doislike\Desktop\computer-graphics 2021-2\CUBE-RUN\CUBE-RUN\MyInclude\Screen.cpp(70,22): warning C4244: '=': 'DWORD'에서 'float'(으)로 변환하면서 데이터가 손실될 수 있습니다.
C:\Users\doislike\Desktop\computer-graphics 2021-2\CUBE-RUN\CUBE-RUN\MyInclude\Screen.cpp(76,22): warning C4244: '=': 'DWORD'에서 'float'(으)로 변환하면서 데이터가 손실될 수 있습니다.
  ShaderProgram.cpp
C:\Users\doislike\Desktop\computer-graphics 2021-2\CUBE-RUN\CUBE-RUN\MyInclude\ShaderProgram.cpp(77,11): warning C4244: '초기화 중': 'std::streamoff'에서 'int'(으)로 변환하면서 데이터가 손실될 수 있습니다.
  SoundManager.cpp
  TextManager.cpp
C:\Users\doislike\Desktop\computer-graphics 2021-2\CUBE-RUN\CUBE-RUN\MyInclude\TextManager.cpp(87,53): warning C4267: '인수': 'size_t'에서 'GLsizei'(으)로 변환하면서 데이터가 손실될 수 있습니다.
  TextureClass.cpp
  Tile.cpp
  Tiles.cpp
  Timer.cpp
  코드를 생성하고 있습니다...
C:\Users\doislike\Desktop\computer-graphics 2021-2\CUBE-RUN\CUBE-RUN\MyInclude\CollisionManager.cpp(77): warning C4715: 'CollisionManager::checkCollPlayerCube': 모든 제어 경로에서 값을 반환하지는 않습니다.
LINK : fatal error LNK1104: 'glew32.lib' 파일을 열 수 없습니다.
